<?xml version="1.0" encoding="UTF-8"?>
<!-- Generated by org.testng.reporters.JUnitReportReporter -->
<testsuite hostname="DESKTOP-L090NIQ" failures="0" tests="2" name="com.capstone.AadharCitizen" time="25.252" errors="0" timestamp="2022-10-14T02:47:05 IST" skipped="0">
  <testcase classname="com.capstone.AadharCitizen" name="CitizenCheck" time="16.117"/>
  <system-out/>
  <testcase classname="com.capstone.AadharCitizen" name="ChromeBrowser" time="9.135"/>
  <system-out/>
</testsuite> <!-- com.capstone.AadharCitizen -->
