<?xml version="1.0" encoding="UTF-8"?>
<!-- Generated by org.testng.reporters.JUnitReportReporter -->
<testsuite hostname="DESKTOP-L090NIQ" failures="0" tests="2" name="com.capstone.AadharAdmin" time="33.745" errors="0" timestamp="2022-10-14T02:44:07 IST" skipped="0">
  <testcase classname="com.capstone.AadharAdmin" name="TestHome" time="21.368"/>
  <system-out/>
  <testcase classname="com.capstone.AadharAdmin" name="ChromeBrowser" time="12.377"/>
  <system-out/>
</testsuite> <!-- com.capstone.AadharAdmin -->
